<?xml version="1.0" encoding="UTF-8"?>
<!-- Generated by org.testng.reporters.JUnitXMLReporter -->
<testsuite ignored="0" hostname="LAPTOP-B0NLB5VS" failures="2" tests="10" name="Surefire test" time="52.283" errors="0" timestamp="2026-01-08T10:09:18 IST">
  <testcase classname="login.LoginTest" name="loginButtonDisabledWithoutInput" time="3.033">
    <failure type="java.lang.AssertionError" message="Login button should be disabled when no login input is entered expected [true] but found [false]">
      <![CDATA[java.lang.AssertionError: Login button should be disabled when no login input is entered expected [true] but found [false]
at login.LoginTest.loginButtonDisabledWithoutInput(LoginTest.java:96)
at java.base/java.util.ArrayList.forEach(ArrayList.java:1604)
... Removed 33 stack frames]]>
    </failure>
  </testcase> <!-- loginButtonDisabledWithoutInput -->
  <testcase classname="login.LoginTest" name="loginButtonEnabledAfterInput" time="0.533"/>
  <testcase classname="login.LoginTest" name="loginWithEmptyInputs" time="0.056"/>
  <testcase classname="login.LoginTest" name="loginWithEmptyPassword" time="0.061"/>
  <testcase classname="login.LoginTest" name="loginWithEmptyUsername" time="0.045"/>
  <testcase classname="login.LoginTest" name="loginWithInvalidCred" time="0.887"/>
  <testcase classname="login.LoginTest" name="loginWithInvalidEmail" time="0.249"/>
  <testcase classname="login.LoginTest" name="loginWithInvalidPassword" time="0.25"/>
  <testcase classname="login.LoginTest" name="loginWithValidCred" time="3.049"/>
  <testcase classname="login.LoginTest" name="loginWithValidCredCaseSensitive" time="30.014">
    <failure type="com.microsoft.playwright.TimeoutError" message="Error {
  message=&amp;apos;Timeout 30000ms exceeded.
  name=&amp;apos;TimeoutError
  stack=&amp;apos;TimeoutError: Timeout 30000ms exceeded.
    at ProgressController.run (C:\Users\HP\AppData\Local\Temp\playwright-java-1539510114303015130\package\lib\server\progress.js:75:26)
    at Frame.fill (C:\Users\HP\AppData\Local\Temp\playwright-java-1539510114303015130\package\lib\server\frames.js:1072:23)
    at FrameDispatcher.fill (C:\Users\HP\AppData\Local\Temp\playwright-java-1539510114303015130\package\lib\server\dispatchers\frameDispatcher.js:170:30)
    at FrameDispatcher._handleCommand (C:\Users\HP\AppData\Local\Temp\playwright-java-1539510114303015130\package\lib\server\dispatchers\dispatcher.js:94:40)
    at DispatcherConnection.dispatch (C:\Users\HP\AppData\Local\Temp\playwright-java-1539510114303015130\package\lib\server\dispatchers\dispatcher.js:361:39)
}
Call log:
-   - waiting for locator(&amp;quot;//input[@id=&amp;apos;username&amp;apos;]&amp;quot;)
">
      <![CDATA[com.microsoft.playwright.TimeoutError: Error {
  message='Timeout 30000ms exceeded.
  name='TimeoutError
  stack='TimeoutError: Timeout 30000ms exceeded.
    at ProgressController.run (C:\Users\HP\AppData\Local\Temp\playwright-java-1539510114303015130\package\lib\server\progress.js:75:26)
    at Frame.fill (C:\Users\HP\AppData\Local\Temp\playwright-java-1539510114303015130\package\lib\server\frames.js:1072:23)
    at FrameDispatcher.fill (C:\Users\HP\AppData\Local\Temp\playwright-java-1539510114303015130\package\lib\server\dispatchers\frameDispatcher.js:170:30)
    at FrameDispatcher._handleCommand (C:\Users\HP\AppData\Local\Temp\playwright-java-1539510114303015130\package\lib\server\dispatchers\dispatcher.js:94:40)
    at DispatcherConnection.dispatch (C:\Users\HP\AppData\Local\Temp\playwright-java-1539510114303015130\package\lib\server\dispatchers\dispatcher.js:361:39)
}
Call log:
-   - waiting for locator("//input[@id='username']")

at com.microsoft.playwright.impl.WaitableResult.get(WaitableResult.java:52)
at com.microsoft.playwright.impl.ChannelOwner.runUntil(ChannelOwner.java:132)
at com.microsoft.playwright.impl.Connection.sendMessage(Connection.java:130)
at com.microsoft.playwright.impl.ChannelOwner.sendMessage(ChannelOwner.java:118)
at com.microsoft.playwright.impl.FrameImpl.fillImpl(FrameImpl.java:335)
at com.microsoft.playwright.impl.FrameImpl.lambda$fill$14(FrameImpl.java:325)
at com.microsoft.playwright.impl.LoggingSupport.lambda$withLogging$0(LoggingSupport.java:36)
at com.microsoft.playwright.impl.LoggingSupport.withLogging(LoggingSupport.java:47)
at com.microsoft.playwright.impl.ChannelOwner.withLogging(ChannelOwner.java:97)
at com.microsoft.playwright.impl.LoggingSupport.withLogging(LoggingSupport.java:35)
at com.microsoft.playwright.impl.FrameImpl.fill(FrameImpl.java:325)
at com.microsoft.playwright.impl.LocatorImpl.fill(LocatorImpl.java:250)
at com.microsoft.playwright.Locator.fill(Locator.java:3075)
at login.LoginLocators.enterLoginEmailid(LoginLocators.java:26)
at login.LoginTest.loginWithValidCredCaseSensitive(LoginTest.java:113)
at java.base/java.util.ArrayList.forEach(ArrayList.java:1604)
Caused by: com.microsoft.playwright.TimeoutError: Error {
  message='Timeout 30000ms exceeded.
  name='TimeoutError
  stack='TimeoutError: Timeout 30000ms exceeded.
    at ProgressController.run (C:\Users\HP\AppData\Local\Temp\playwright-java-1539510114303015130\package\lib\server\progress.js:75:26)
    at Frame.fill (C:\Users\HP\AppData\Local\Temp\playwright-java-1539510114303015130\package\lib\server\frames.js:1072:23)
    at FrameDispatcher.fill (C:\Users\HP\AppData\Local\Temp\playwright-java-1539510114303015130\package\lib\server\dispatchers\frameDispatcher.js:170:30)
    at FrameDispatcher._handleCommand (C:\Users\HP\AppData\Local\Temp\playwright-java-1539510114303015130\package\lib\server\dispatchers\dispatcher.js:94:40)
    at DispatcherConnection.dispatch (C:\Users\HP\AppData\Local\Temp\playwright-java-1539510114303015130\package\lib\server\dispatchers\dispatcher.js:361:39)
}
Call log:
-   - waiting for locator("//input[@id='username']")

at com.microsoft.playwright.impl.Connection.dispatch(Connection.java:254)
at com.microsoft.playwright.impl.Connection.processOneMessage(Connection.java:211)
at com.microsoft.playwright.impl.ChannelOwner.runUntil(ChannelOwner.java:130)
... 44 more
... Removed 30 stack frames]]>
    </failure>
  </testcase> <!-- loginWithValidCredCaseSensitive -->
</testsuite> <!-- Surefire test -->
